[2024-08-14T22:57:06.064326+00:00] log.INFO: entrando no sistema! [] []
[2024-08-15T00:07:05.539347+00:00] log.INFO: Usuário conectado ao sistema. [] []
[2024-08-15T00:07:35.679902+00:00] log.INFO: Usuário conectado ao sistema. [] []
[2024-08-15T00:07:35.680291+00:00] log.INFO: Requisição para formulário. [] []
[2024-08-15T00:07:35.680357+00:00] log.ERROR: Usuário do GitHub é obrigatório. [] []
[2024-08-15T00:08:15.175375+00:00] log.INFO: Usuário conectado ao sistema. [] []
[2024-08-15T00:08:15.175717+00:00] log.INFO: Requisição para formulário. [] []
[2024-08-15T00:08:15.175781+00:00] log.ERROR: Usuário do GitHub é obrigatório. [] []
[2024-08-15T00:08:33.751197+00:00] log.INFO: Usuário conectado ao sistema. [] []
[2024-08-15T00:08:48.632988+00:00] log.INFO: Usuário conectado ao sistema. [] []
[2024-08-15T00:08:48.633378+00:00] log.INFO: Requisição para formulário. [] []
[2024-08-15T00:08:48.633447+00:00] log.ERROR: Usuário do GitHub é obrigatório. [] []
[2024-08-15T00:09:34.170381+00:00] log.INFO: Usuário conectado ao sistema. [] []
[2024-08-15T00:09:34.170759+00:00] log.INFO: Requisição para formulário. [] []
[2024-08-15T00:09:34.170826+00:00] log.ERROR: Usuário do GitHub é obrigatório. [] []
[2024-08-15T00:09:38.233805+00:00] log.INFO: Usuário conectado ao sistema. [] []
[2024-08-15T00:09:38.234010+00:00] log.INFO: Requisição para formulário. [] []
[2024-08-15T00:09:38.234062+00:00] log.INFO: Buscando avatar do usuário cristianprochnows [] []
[2024-08-15T00:09:38.909022+00:00] log.WARNING: Conteúdo do avatar de cristianprochnows está em formato inválido. [] []
[2024-08-15T00:09:38.911425+00:00] log.ERROR: Avatar não encontrado para o usuário cristianprochnows. [] []
[2024-08-15T00:09:44.640891+00:00] log.INFO: Usuário conectado ao sistema. [] []
[2024-08-15T00:09:44.641148+00:00] log.INFO: Requisição para formulário. [] []
[2024-08-15T00:09:44.641205+00:00] log.INFO: Buscando avatar do usuário cristianprochnow [] []
